#
# There is insufficient memory for the Java Runtime Environment to continue.
# Native memory allocation (malloc) failed to allocate 1048576 bytes. Error detail: AllocateHeap
# Possible reasons:
#   The system is out of physical RAM or swap space
#   This process is running with CompressedOops enabled, and the Java Heap may be blocking the growth of the native heap
# Possible solutions:
#   Reduce memory load on the system
#   Increase physical memory or swap space
#   Check if swap backing store is full
#   Decrease Java heap size (-Xmx/-Xms)
#   Decrease number of Java threads
#   Decrease Java thread stack sizes (-Xss)
#   Set larger code cache with -XX:ReservedCodeCacheSize=
#   JVM is running with Unscaled Compressed Oops mode in which the Java heap is
#     placed in the first 4GB address space. The Java Heap base address is the
#     maximum limit for the native heap growth. Please use -XX:HeapBaseMinAddress
#     to set the Java Heap base and to place the Java Heap above 4GB virtual address.
# This output file may be truncated or incomplete.
#
#  Out of Memory Error (allocation.cpp:44), pid=9464, tid=524
#
# JRE version: OpenJDK Runtime Environment JBR-21.0.6+9-895.109-jcef (21.0.6+9) (build 21.0.6+9-b895.109)
# Java VM: OpenJDK 64-Bit Server VM JBR-21.0.6+9-895.109-jcef (21.0.6+9-b895.109, mixed mode, sharing, tiered, compressed oops, compressed class ptrs, g1 gc, windows-amd64)
# No core dump will be written. Minidumps are not enabled by default on client versions of Windows
#

---------------  S U M M A R Y ------------

Command Line: -Dorg.sqlite.tmpdir=C:\Users\pc\AppData\Local\JetBrains\PhpStorm2025.1\jdbc-native-deps\Xerial SQLiteJDBC\3.45.1\sqlite-jdbc-3.45.1.0\libs -Djava.rmi.server.hostname=127.0.0.1 -Duser.timezone=UTC -Xmx2048m -Xms128m -Djdbc.classpath=C:\Users\pc\AppData\Local\Temp\RemoteDriver1.classpath.txt --add-exports=java.desktop/sun.awt=ALL-UNNAMED --add-exports=java.desktop/java.awt.peer=ALL-UNNAMED --add-opens=java.desktop/java.awt=ALL-UNNAMED --add-opens=jdk.unsupported/sun.misc=ALL-UNNAMED --add-opens=java.base/java.nio=ALL-UNNAMED --add-opens=java.base/java.util=ALL-UNNAMED -Dfile.encoding=UTF-8 -Dsun.stdout.encoding=UTF-8 -Dsun.stderr.encoding=UTF-8 com.intellij.database.remote.RemoteJdbcServer org.sqlite.JDBC

Host: 12th Gen Intel(R) Core(TM) i7-12700, 20 cores, 31G,  Windows 11 , 64 bit Build 26100 (10.0.26100.3912)
Time: Sun May  4 14:44:06 2025 Iran Standard Time elapsed time: 3600.027461 seconds (0d 1h 0m 0s)

---------------  T H R E A D  ---------------

Current thread (0x000002a4df7a2d70):  VMThread "VM Thread"          [id=524, stack(0x000000b6fc500000,0x000000b6fc600000) (1024K)]

Stack: [0x000000b6fc500000,0x000000b6fc600000]
Native frames: (J=compiled Java code, j=interpreted, Vv=VM code, C=native code)
V  [jvm.dll+0x6e5cb9]
V  [jvm.dll+0x8c4113]
V  [jvm.dll+0x8c666e]
V  [jvm.dll+0x8c6d53]
V  [jvm.dll+0x288f76]
V  [jvm.dll+0xc0e57]
V  [jvm.dll+0x353dd2]
V  [jvm.dll+0x34d76e]
V  [jvm.dll+0x3357d9]
V  [jvm.dll+0x379b4a]
V  [jvm.dll+0x8ccad8]
V  [jvm.dll+0x8cde54]
V  [jvm.dll+0x8ce390]
V  [jvm.dll+0x8ce623]
V  [jvm.dll+0x86bc68]
V  [jvm.dll+0x6e44bd]
C  [ucrtbase.dll+0x37b0]
C  [KERNEL32.DLL+0x2e8d7]
C  [ntdll.dll+0x9c5dc]

VM_Operation (0x000000b6fd8ff150): G1CollectFull, mode: safepoint, requested by thread 0x000002a4df7cdf30


---------------  P R O C E S S  ---------------

Threads class SMR info:
_java_thread_list=0x000002a4e5600430, length=19, elements={
0x000002a4c4ba9970, 0x000002a4df7c2f70, 0x000002a4df7c39c0, 0x000002a4df7c75b0,
0x000002a4df7c8000, 0x000002a4e07e8090, 0x000002a4df7cd8a0, 0x000002a4e07e9220,
0x000002a4e07ed410, 0x000002a4df7cb7d0, 0x000002a4df7cc4f0, 0x000002a4df7cbe60,
0x000002a4df7cd210, 0x000002a4df7ccb80, 0x000002a4df7cdf30, 0x000002a4df7cb140,
0x000002a4e5575000, 0x000002a4e55763b0, 0x000002a4e5577df0
}

Java Threads: ( => current thread )
  0x000002a4c4ba9970 JavaThread "main"                              [_thread_blocked, id=24388, stack(0x000000b6fbe00000,0x000000b6fbf00000) (1024K)]
  0x000002a4df7c2f70 JavaThread "Reference Handler"          daemon [_thread_blocked, id=11940, stack(0x000000b6fc600000,0x000000b6fc700000) (1024K)]
  0x000002a4df7c39c0 JavaThread "Finalizer"                  daemon [_thread_blocked, id=14856, stack(0x000000b6fc700000,0x000000b6fc800000) (1024K)]
  0x000002a4df7c75b0 JavaThread "Signal Dispatcher"          daemon [_thread_blocked, id=14600, stack(0x000000b6fc800000,0x000000b6fc900000) (1024K)]
  0x000002a4df7c8000 JavaThread "Attach Listener"            daemon [_thread_blocked, id=22928, stack(0x000000b6fc900000,0x000000b6fca00000) (1024K)]
  0x000002a4e07e8090 JavaThread "Service Thread"             daemon [_thread_blocked, id=2628, stack(0x000000b6fca00000,0x000000b6fcb00000) (1024K)]
  0x000002a4df7cd8a0 JavaThread "Monitor Deflation Thread"   daemon [_thread_blocked, id=18964, stack(0x000000b6fcb00000,0x000000b6fcc00000) (1024K)]
  0x000002a4e07e9220 JavaThread "C2 CompilerThread0"         daemon [_thread_blocked, id=11928, stack(0x000000b6fcc00000,0x000000b6fcd00000) (1024K)]
  0x000002a4e07ed410 JavaThread "C1 CompilerThread0"         daemon [_thread_blocked, id=13684, stack(0x000000b6fcd00000,0x000000b6fce00000) (1024K)]
  0x000002a4df7cb7d0 JavaThread "Common-Cleaner"             daemon [_thread_blocked, id=19044, stack(0x000000b6fd000000,0x000000b6fd100000) (1024K)]
  0x000002a4df7cc4f0 JavaThread "Notification Thread"        daemon [_thread_blocked, id=18336, stack(0x000000b6fd100000,0x000000b6fd200000) (1024K)]
  0x000002a4df7cbe60 JavaThread "RMI TCP Accept-29130"       daemon [_thread_in_native, id=19640, stack(0x000000b6fd500000,0x000000b6fd600000) (1024K)]
  0x000002a4df7cd210 JavaThread "RMI TCP Accept-0"           daemon [_thread_in_native, id=3968, stack(0x000000b6fd600000,0x000000b6fd700000) (1024K)]
  0x000002a4df7ccb80 JavaThread "RMI Reaper"                        [_thread_blocked, id=19848, stack(0x000000b6fd700000,0x000000b6fd800000) (1024K)]
  0x000002a4df7cdf30 JavaThread "RMI GC Daemon"              daemon [_thread_blocked, id=14344, stack(0x000000b6fd800000,0x000000b6fd900000) (1024K)]
  0x000002a4df7cb140 JavaThread "RMI TCP Connection(2)-127.0.0.1" daemon [_thread_in_native, id=16920, stack(0x000000b6fda00000,0x000000b6fdb00000) (1024K)]
  0x000002a4e5575000 JavaThread "RMI Scheduler(0)"           daemon [_thread_blocked, id=21232, stack(0x000000b6fdb00000,0x000000b6fdc00000) (1024K)]
  0x000002a4e55763b0 JavaThread "RMI TCP Connection(3)-127.0.0.1" daemon [_thread_in_native, id=19304, stack(0x000000b6fdc00000,0x000000b6fdd00000) (1024K)]
  0x000002a4e5577df0 JavaThread "RMI RenewClean-[127.0.0.1:56938]" daemon [_thread_blocked, id=7920, stack(0x000000b6fde00000,0x000000b6fdf00000) (1024K)]
Total: 19

Other Threads:
=>0x000002a4df7a2d70 VMThread "VM Thread"                           [id=524, stack(0x000000b6fc500000,0x000000b6fc600000) (1024K)]
  0x000002a4df78f5e0 WatcherThread "VM Periodic Task Thread"        [id=14084, stack(0x000000b6fc400000,0x000000b6fc500000) (1024K)]
  0x000002a4c7127c90 WorkerThread "GC Thread#0"                     [id=19968, stack(0x000000b6fbf00000,0x000000b6fc000000) (1024K)]
  0x000002a4e55a0b00 WorkerThread "GC Thread#1"                     [id=17528, stack(0x000000b6fdf00000,0x000000b6fe000000) (1024K)]
  0x000002a4e54bf5d0 WorkerThread "GC Thread#2"                     [id=18728, stack(0x000000b6fe000000,0x000000b6fe100000) (1024K)]
  0x000002a4e54d8d70 WorkerThread "GC Thread#3"                     [id=4296, stack(0x000000b6fe100000,0x000000b6fe200000) (1024K)]
  0x000002a4e55404f0 WorkerThread "GC Thread#4"                     [id=11188, stack(0x000000b6fe200000,0x000000b6fe300000) (1024K)]
  0x000002a4e54774e0 WorkerThread "GC Thread#5"                     [id=25012, stack(0x000000b6fe300000,0x000000b6fe400000) (1024K)]
  0x000002a4e547b160 WorkerThread "GC Thread#6"                     [id=20752, stack(0x000000b6fe400000,0x000000b6fe500000) (1024K)]
  0x000002a4e54917c0 WorkerThread "GC Thread#7"                     [id=6280, stack(0x000000b6fe500000,0x000000b6fe600000) (1024K)]
  0x000002a4e5491b60 WorkerThread "GC Thread#8"                     [id=19256, stack(0x000000b6fe600000,0x000000b6fe700000) (1024K)]
  0x000002a4e549a310 WorkerThread "GC Thread#9"                     [id=9796, stack(0x000000b6fe700000,0x000000b6fe800000) (1024K)]
  0x000002a4e549a6b0 WorkerThread "GC Thread#10"                    [id=23560, stack(0x000000b6fe800000,0x000000b6fe900000) (1024K)]
  0x000002a4e549c460 WorkerThread "GC Thread#11"                    [id=16720, stack(0x000000b6fe900000,0x000000b6fea00000) (1024K)]
  0x000002a4e549b980 WorkerThread "GC Thread#12"                    [id=23564, stack(0x000000b6fea00000,0x000000b6feb00000) (1024K)]
  0x000002a4e549b5e0 WorkerThread "GC Thread#13"                    [id=1396, stack(0x000000b6fd300000,0x000000b6fd400000) (1024K)]
  0x000002a4e549c800 WorkerThread "GC Thread#14"                    [id=21864, stack(0x000000b6fd400000,0x000000b6fd500000) (1024K)]
  0x000002a4c7138e90 ConcurrentGCThread "G1 Main Marker"            [id=20912, stack(0x000000b6fc000000,0x000000b6fc100000) (1024K)]
  0x000002a4c713b2c0 WorkerThread "G1 Conc#0"                       [id=15192, stack(0x000000b6fc100000,0x000000b6fc200000) (1024K)]
  0x000002a4c718e880 ConcurrentGCThread "G1 Refine#0"               [id=20324, stack(0x000000b6fc200000,0x000000b6fc300000) (1024K)]
  0x000002a4df6594b0 ConcurrentGCThread "G1 Service"                [id=9712, stack(0x000000b6fc300000,0x000000b6fc400000) (1024K)]
Total: 21

Threads with active compile tasks:
Total: 0

VM state: at safepoint (normal execution)

VM Mutex/Monitor currently owned by a thread:  ([mutex/lock_event])
[0x00007ffa98a1ea30] Threads_lock - owner thread: 0x000002a4df7a2d70
[0x00007ffa98a1eb30] Heap_lock - owner thread: 0x000002a4df7cdf30

Heap address: 0x0000000080000000, size: 2048 MB, Compressed Oops mode: 32-bit

CDS archive(s) mapped at: [0x000002a480000000-0x000002a480d00000-0x000002a480d00000), size 13631488, SharedBaseAddress: 0x000002a480000000, ArchiveRelocationMode: 1.
Compressed class space mapped at: 0x000002a481000000-0x000002a4c1000000, reserved size: 1073741824
Narrow klass base: 0x000002a480000000, Narrow klass shift: 0, Narrow klass range: 0x100000000

GC Precious Log:
 CardTable entry size: 512
 Card Set container configuration: InlinePtr #cards 5 size 8 Array Of Cards #cards 12 size 40 Howl #buckets 4 coarsen threshold 1843 Howl Bitmap #cards 512 size 80 coarsen threshold 460 Card regions per heap region 1 cards per card region 2048
 CPUs: 20 total, 20 available
 Memory: 32509M
 Large Page Support: Disabled
 NUMA Support: Disabled
 Compressed Oops: Enabled (32-bit)
 Heap Region Size: 1M
 Heap Min Capacity: 128M
 Heap Initial Capacity: 128M
 Heap Max Capacity: 2G
 Pre-touch: Disabled
 Parallel Workers: 15
 Concurrent Workers: 4
 Concurrent Refinement Workers: 15
 Periodic GC: Disabled

Heap:
 garbage-first heap   total 131072K, used 17146K [0x0000000080000000, 0x0000000100000000)
  region size 1024K, 9 young (9216K), 2 survivors (2048K)
 Metaspace       used 11596K, committed 12096K, reserved 1114112K
  class space    used 1315K, committed 1536K, reserved 1048576K

Heap Regions: E=young(eden), S=young(survivor), O=old, HS=humongous(starts), HC=humongous(continues), CS=collection set, F=free, TAMS=top-at-mark-start, PB=parsable bottom
|   0|0x0000000080000000, 0x0000000080100000, 0x0000000080100000|100%|HS|  |TAMS 0x0000000080000000| PB 0x0000000080000000| Complete 
|   1|0x0000000080100000, 0x0000000080200000, 0x0000000080200000|100%|HC|  |TAMS 0x0000000080100000| PB 0x0000000080100000| Complete 
|   2|0x0000000080200000, 0x0000000080300000, 0x0000000080300000|100%|HS|  |TAMS 0x0000000080200000| PB 0x0000000080200000| Complete 
|   3|0x0000000080300000, 0x0000000080400000, 0x0000000080400000|100%|HS|  |TAMS 0x0000000080300000| PB 0x0000000080300000| Complete 
|   4|0x0000000080400000, 0x0000000080500000, 0x0000000080500000|100%| O|  |TAMS 0x0000000080400000| PB 0x0000000080400000| Untracked 
|   5|0x0000000080500000, 0x0000000080600000, 0x0000000080600000|100%| O|  |TAMS 0x0000000080500000| PB 0x0000000080500000| Untracked 
|   6|0x0000000080600000, 0x0000000080700000, 0x0000000080700000|100%| O|  |TAMS 0x0000000080600000| PB 0x0000000080600000| Untracked 
|   7|0x0000000080700000, 0x0000000080800000, 0x0000000080800000|100%| O|  |TAMS 0x0000000080700000| PB 0x0000000080700000| Untracked 
|   8|0x0000000080800000, 0x00000000808ddf20, 0x0000000080900000| 86%| O|  |TAMS 0x0000000080800000| PB 0x0000000080800000| Untracked 
|   9|0x0000000080900000, 0x0000000080900000, 0x0000000080a00000|  0%| F|  |TAMS 0x0000000080900000| PB 0x0000000080900000| Untracked 
|  10|0x0000000080a00000, 0x0000000080a00000, 0x0000000080b00000|  0%| F|  |TAMS 0x0000000080a00000| PB 0x0000000080a00000| Untracked 
|  11|0x0000000080b00000, 0x0000000080b00000, 0x0000000080c00000|  0%| F|  |TAMS 0x0000000080b00000| PB 0x0000000080b00000| Untracked 
|  12|0x0000000080c00000, 0x0000000080c00000, 0x0000000080d00000|  0%| F|  |TAMS 0x0000000080c00000| PB 0x0000000080c00000| Untracked 
|  13|0x0000000080d00000, 0x0000000080d00000, 0x0000000080e00000|  0%| F|  |TAMS 0x0000000080d00000| PB 0x0000000080d00000| Untracked 
|  14|0x0000000080e00000, 0x0000000080e00000, 0x0000000080f00000|  0%| F|  |TAMS 0x0000000080e00000| PB 0x0000000080e00000| Untracked 
|  15|0x0000000080f00000, 0x0000000080f00000, 0x0000000081000000|  0%| F|  |TAMS 0x0000000080f00000| PB 0x0000000080f00000| Untracked 
|  16|0x0000000081000000, 0x0000000081000000, 0x0000000081100000|  0%| F|  |TAMS 0x0000000081000000| PB 0x0000000081000000| Untracked 
|  17|0x0000000081100000, 0x0000000081100000, 0x0000000081200000|  0%| F|  |TAMS 0x0000000081100000| PB 0x0000000081100000| Untracked 
|  18|0x0000000081200000, 0x0000000081200000, 0x0000000081300000|  0%| F|  |TAMS 0x0000000081200000| PB 0x0000000081200000| Untracked 
|  19|0x0000000081300000, 0x0000000081300000, 0x0000000081400000|  0%| F|  |TAMS 0x0000000081300000| PB 0x0000000081300000| Untracked 
|  20|0x0000000081400000, 0x0000000081400000, 0x0000000081500000|  0%| F|  |TAMS 0x0000000081400000| PB 0x0000000081400000| Untracked 
|  21|0x0000000081500000, 0x0000000081500000, 0x0000000081600000|  0%| F|  |TAMS 0x0000000081500000| PB 0x0000000081500000| Untracked 
|  22|0x0000000081600000, 0x0000000081600000, 0x0000000081700000|  0%| F|  |TAMS 0x0000000081600000| PB 0x0000000081600000| Untracked 
|  23|0x0000000081700000, 0x0000000081700000, 0x0000000081800000|  0%| F|  |TAMS 0x0000000081700000| PB 0x0000000081700000| Untracked 
|  24|0x0000000081800000, 0x0000000081800000, 0x0000000081900000|  0%| F|  |TAMS 0x0000000081800000| PB 0x0000000081800000| Untracked 
|  25|0x0000000081900000, 0x0000000081900000, 0x0000000081a00000|  0%| F|  |TAMS 0x0000000081900000| PB 0x0000000081900000| Untracked 
|  26|0x0000000081a00000, 0x0000000081a00000, 0x0000000081b00000|  0%| F|  |TAMS 0x0000000081a00000| PB 0x0000000081a00000| Untracked 
|  27|0x0000000081b00000, 0x0000000081b00000, 0x0000000081c00000|  0%| F|  |TAMS 0x0000000081b00000| PB 0x0000000081b00000| Untracked 
|  28|0x0000000081c00000, 0x0000000081c00000, 0x0000000081d00000|  0%| F|  |TAMS 0x0000000081c00000| PB 0x0000000081c00000| Untracked 
|  29|0x0000000081d00000, 0x0000000081d00000, 0x0000000081e00000|  0%| F|  |TAMS 0x0000000081d00000| PB 0x0000000081d00000| Untracked 
|  30|0x0000000081e00000, 0x0000000081e00000, 0x0000000081f00000|  0%| F|  |TAMS 0x0000000081e00000| PB 0x0000000081e00000| Untracked 
|  31|0x0000000081f00000, 0x0000000081f00000, 0x0000000082000000|  0%| F|  |TAMS 0x0000000081f00000| PB 0x0000000081f00000| Untracked 
|  32|0x0000000082000000, 0x0000000082000000, 0x0000000082100000|  0%| F|  |TAMS 0x0000000082000000| PB 0x0000000082000000| Untracked 
|  33|0x0000000082100000, 0x0000000082100000, 0x0000000082200000|  0%| F|  |TAMS 0x0000000082100000| PB 0x0000000082100000| Untracked 
|  34|0x0000000082200000, 0x0000000082200000, 0x0000000082300000|  0%| F|  |TAMS 0x0000000082200000| PB 0x0000000082200000| Untracked 
|  35|0x0000000082300000, 0x0000000082300000, 0x0000000082400000|  0%| F|  |TAMS 0x0000000082300000| PB 0x0000000082300000| Untracked 
|  36|0x0000000082400000, 0x0000000082400000, 0x0000000082500000|  0%| F|  |TAMS 0x0000000082400000| PB 0x0000000082400000| Untracked 
|  37|0x0000000082500000, 0x0000000082500000, 0x0000000082600000|  0%| F|  |TAMS 0x0000000082500000| PB 0x0000000082500000| Untracked 
|  38|0x0000000082600000, 0x0000000082600000, 0x0000000082700000|  0%| F|  |TAMS 0x0000000082600000| PB 0x0000000082600000| Untracked 
|  39|0x0000000082700000, 0x0000000082700000, 0x0000000082800000|  0%| F|  |TAMS 0x0000000082700000| PB 0x0000000082700000| Untracked 
|  40|0x0000000082800000, 0x0000000082800000, 0x0000000082900000|  0%| F|  |TAMS 0x0000000082800000| PB 0x0000000082800000| Untracked 
|  41|0x0000000082900000, 0x0000000082900000, 0x0000000082a00000|  0%| F|  |TAMS 0x0000000082900000| PB 0x0000000082900000| Untracked 
|  42|0x0000000082a00000, 0x0000000082a00000, 0x0000000082b00000|  0%| F|  |TAMS 0x0000000082a00000| PB 0x0000000082a00000| Untracked 
|  43|0x0000000082b00000, 0x0000000082b00000, 0x0000000082c00000|  0%| F|  |TAMS 0x0000000082b00000| PB 0x0000000082b00000| Untracked 
|  44|0x0000000082c00000, 0x0000000082c00000, 0x0000000082d00000|  0%| F|  |TAMS 0x0000000082c00000| PB 0x0000000082c00000| Untracked 
|  45|0x0000000082d00000, 0x0000000082d00000, 0x0000000082e00000|  0%| F|  |TAMS 0x0000000082d00000| PB 0x0000000082d00000| Untracked 
|  46|0x0000000082e00000, 0x0000000082e00000, 0x0000000082f00000|  0%| F|  |TAMS 0x0000000082e00000| PB 0x0000000082e00000| Untracked 
|  47|0x0000000082f00000, 0x0000000082f00000, 0x0000000083000000|  0%| F|  |TAMS 0x0000000082f00000| PB 0x0000000082f00000| Untracked 
|  48|0x0000000083000000, 0x0000000083000000, 0x0000000083100000|  0%| F|  |TAMS 0x0000000083000000| PB 0x0000000083000000| Untracked 
|  49|0x0000000083100000, 0x0000000083100000, 0x0000000083200000|  0%| F|  |TAMS 0x0000000083100000| PB 0x0000000083100000| Untracked 
|  50|0x0000000083200000, 0x0000000083200000, 0x0000000083300000|  0%| F|  |TAMS 0x0000000083200000| PB 0x0000000083200000| Untracked 
|  51|0x0000000083300000, 0x0000000083300000, 0x0000000083400000|  0%| F|  |TAMS 0x0000000083300000| PB 0x0000000083300000| Untracked 
|  52|0x0000000083400000, 0x0000000083400000, 0x0000000083500000|  0%| F|  |TAMS 0x0000000083400000| PB 0x0000000083400000| Untracked 
|  53|0x0000000083500000, 0x0000000083500000, 0x0000000083600000|  0%| F|  |TAMS 0x0000000083500000| PB 0x0000000083500000| Untracked 
|  54|0x0000000083600000, 0x0000000083600000, 0x0000000083700000|  0%| F|  |TAMS 0x0000000083600000| PB 0x0000000083600000| Untracked 
|  55|0x0000000083700000, 0x0000000083700000, 0x0000000083800000|  0%| F|  |TAMS 0x0000000083700000| PB 0x0000000083700000| Untracked 
|  56|0x0000000083800000, 0x0000000083800000, 0x0000000083900000|  0%| F|  |TAMS 0x0000000083800000| PB 0x0000000083800000| Untracked 
|  57|0x0000000083900000, 0x0000000083900000, 0x0000000083a00000|  0%| F|  |TAMS 0x0000000083900000| PB 0x0000000083900000| Untracked 
|  58|0x0000000083a00000, 0x0000000083a00000, 0x0000000083b00000|  0%| F|  |TAMS 0x0000000083a00000| PB 0x0000000083a00000| Untracked 
|  59|0x0000000083b00000, 0x0000000083b00000, 0x0000000083c00000|  0%| F|  |TAMS 0x0000000083b00000| PB 0x0000000083b00000| Untracked 
|  60|0x0000000083c00000, 0x0000000083c00000, 0x0000000083d00000|  0%| F|  |TAMS 0x0000000083c00000| PB 0x0000000083c00000| Untracked 
|  61|0x0000000083d00000, 0x0000000083d00000, 0x0000000083e00000|  0%| F|  |TAMS 0x0000000083d00000| PB 0x0000000083d00000| Untracked 
|  62|0x0000000083e00000, 0x0000000083e00000, 0x0000000083f00000|  0%| F|  |TAMS 0x0000000083e00000| PB 0x0000000083e00000| Untracked 
|  63|0x0000000083f00000, 0x0000000083f00000, 0x0000000084000000|  0%| F|  |TAMS 0x0000000083f00000| PB 0x0000000083f00000| Untracked 
|  64|0x0000000084000000, 0x0000000084000000, 0x0000000084100000|  0%| F|  |TAMS 0x0000000084000000| PB 0x0000000084000000| Untracked 
|  65|0x0000000084100000, 0x0000000084100000, 0x0000000084200000|  0%| F|  |TAMS 0x0000000084100000| PB 0x0000000084100000| Untracked 
|  66|0x0000000084200000, 0x0000000084200000, 0x0000000084300000|  0%| F|  |TAMS 0x0000000084200000| PB 0x0000000084200000| Untracked 
|  67|0x0000000084300000, 0x0000000084300000, 0x0000000084400000|  0%| F|  |TAMS 0x0000000084300000| PB 0x0000000084300000| Untracked 
|  68|0x0000000084400000, 0x0000000084400000, 0x0000000084500000|  0%| F|  |TAMS 0x0000000084400000| PB 0x0000000084400000| Untracked 
|  69|0x0000000084500000, 0x0000000084500000, 0x0000000084600000|  0%| F|  |TAMS 0x0000000084500000| PB 0x0000000084500000| Untracked 
|  70|0x0000000084600000, 0x0000000084600000, 0x0000000084700000|  0%| F|  |TAMS 0x0000000084600000| PB 0x0000000084600000| Untracked 
|  71|0x0000000084700000, 0x0000000084700000, 0x0000000084800000|  0%| F|  |TAMS 0x0000000084700000| PB 0x0000000084700000| Untracked 
|  72|0x0000000084800000, 0x0000000084800000, 0x0000000084900000|  0%| F|  |TAMS 0x0000000084800000| PB 0x0000000084800000| Untracked 
|  73|0x0000000084900000, 0x0000000084900000, 0x0000000084a00000|  0%| F|  |TAMS 0x0000000084900000| PB 0x0000000084900000| Untracked 
|  74|0x0000000084a00000, 0x0000000084a00000, 0x0000000084b00000|  0%| F|  |TAMS 0x0000000084a00000| PB 0x0000000084a00000| Untracked 
|  75|0x0000000084b00000, 0x0000000084b00000, 0x0000000084c00000|  0%| F|  |TAMS 0x0000000084b00000| PB 0x0000000084b00000| Untracked 
|  76|0x0000000084c00000, 0x0000000084c00000, 0x0000000084d00000|  0%| F|  |TAMS 0x0000000084c00000| PB 0x0000000084c00000| Untracked 
|  77|0x0000000084d00000, 0x0000000084d00000, 0x0000000084e00000|  0%| F|  |TAMS 0x0000000084d00000| PB 0x0000000084d00000| Untracked 
|  78|0x0000000084e00000, 0x0000000084e00000, 0x0000000084f00000|  0%| F|  |TAMS 0x0000000084e00000| PB 0x0000000084e00000| Untracked 
|  79|0x0000000084f00000, 0x0000000084f00000, 0x0000000085000000|  0%| F|  |TAMS 0x0000000084f00000| PB 0x0000000084f00000| Untracked 
|  80|0x0000000085000000, 0x0000000085000000, 0x0000000085100000|  0%| F|  |TAMS 0x0000000085000000| PB 0x0000000085000000| Untracked 
|  81|0x0000000085100000, 0x0000000085100000, 0x0000000085200000|  0%| F|  |TAMS 0x0000000085100000| PB 0x0000000085100000| Untracked 
|  82|0x0000000085200000, 0x0000000085200000, 0x0000000085300000|  0%| F|  |TAMS 0x0000000085200000| PB 0x0000000085200000| Untracked 
|  83|0x0000000085300000, 0x0000000085300000, 0x0000000085400000|  0%| F|  |TAMS 0x0000000085300000| PB 0x0000000085300000| Untracked 
|  84|0x0000000085400000, 0x0000000085400000, 0x0000000085500000|  0%| F|  |TAMS 0x0000000085400000| PB 0x0000000085400000| Untracked 
|  85|0x0000000085500000, 0x0000000085500000, 0x0000000085600000|  0%| F|  |TAMS 0x0000000085500000| PB 0x0000000085500000| Untracked 
|  86|0x0000000085600000, 0x0000000085600000, 0x0000000085700000|  0%| F|  |TAMS 0x0000000085600000| PB 0x0000000085600000| Untracked 
|  87|0x0000000085700000, 0x0000000085700000, 0x0000000085800000|  0%| F|  |TAMS 0x0000000085700000| PB 0x0000000085700000| Untracked 
|  88|0x0000000085800000, 0x0000000085800000, 0x0000000085900000|  0%| F|  |TAMS 0x0000000085800000| PB 0x0000000085800000| Untracked 
|  89|0x0000000085900000, 0x0000000085900000, 0x0000000085a00000|  0%| F|  |TAMS 0x0000000085900000| PB 0x0000000085900000| Untracked 
|  90|0x0000000085a00000, 0x0000000085a00000, 0x0000000085b00000|  0%| F|  |TAMS 0x0000000085a00000| PB 0x0000000085a00000| Untracked 
|  91|0x0000000085b00000, 0x0000000085b00000, 0x0000000085c00000|  0%| F|  |TAMS 0x0000000085b00000| PB 0x0000000085b00000| Untracked 
|  92|0x0000000085c00000, 0x0000000085c00000, 0x0000000085d00000|  0%| F|  |TAMS 0x0000000085c00000| PB 0x0000000085c00000| Untracked 
|  93|0x0000000085d00000, 0x0000000085d00000, 0x0000000085e00000|  0%| F|  |TAMS 0x0000000085d00000| PB 0x0000000085d00000| Untracked 
|  94|0x0000000085e00000, 0x0000000085ee0968, 0x0000000085f00000| 87%| S|CS|TAMS 0x0000000085e00000| PB 0x0000000085e00000| Complete 
|  95|0x0000000085f00000, 0x0000000086000000, 0x0000000086000000|100%| S|CS|TAMS 0x0000000085f00000| PB 0x0000000085f00000| Complete 
|  96|0x0000000086000000, 0x0000000086000000, 0x0000000086100000|  0%| F|  |TAMS 0x0000000086000000| PB 0x0000000086000000| Untracked 
|  97|0x0000000086100000, 0x0000000086100000, 0x0000000086200000|  0%| F|  |TAMS 0x0000000086100000| PB 0x0000000086100000| Untracked 
|  98|0x0000000086200000, 0x0000000086200000, 0x0000000086300000|  0%| F|  |TAMS 0x0000000086200000| PB 0x0000000086200000| Untracked 
|  99|0x0000000086300000, 0x0000000086300000, 0x0000000086400000|  0%| F|  |TAMS 0x0000000086300000| PB 0x0000000086300000| Untracked 
| 100|0x0000000086400000, 0x0000000086400000, 0x0000000086500000|  0%| F|  |TAMS 0x0000000086400000| PB 0x0000000086400000| Untracked 
| 101|0x0000000086500000, 0x0000000086500000, 0x0000000086600000|  0%| F|  |TAMS 0x0000000086500000| PB 0x0000000086500000| Untracked 
| 102|0x0000000086600000, 0x0000000086600000, 0x0000000086700000|  0%| F|  |TAMS 0x0000000086600000| PB 0x0000000086600000| Untracked 
| 103|0x0000000086700000, 0x0000000086700000, 0x0000000086800000|  0%| F|  |TAMS 0x0000000086700000| PB 0x0000000086700000| Untracked 
| 104|0x0000000086800000, 0x0000000086800000, 0x0000000086900000|  0%| F|  |TAMS 0x0000000086800000| PB 0x0000000086800000| Untracked 
| 105|0x0000000086900000, 0x0000000086900000, 0x0000000086a00000|  0%| F|  |TAMS 0x0000000086900000| PB 0x0000000086900000| Untracked 
| 106|0x0000000086a00000, 0x0000000086a00000, 0x0000000086b00000|  0%| F|  |TAMS 0x0000000086a00000| PB 0x0000000086a00000| Untracked 
| 107|0x0000000086b00000, 0x0000000086b00000, 0x0000000086c00000|  0%| F|  |TAMS 0x0000000086b00000| PB 0x0000000086b00000| Untracked 
| 108|0x0000000086c00000, 0x0000000086c00000, 0x0000000086d00000|  0%| F|  |TAMS 0x0000000086c00000| PB 0x0000000086c00000| Untracked 
| 109|0x0000000086d00000, 0x0000000086d00000, 0x0000000086e00000|  0%| F|  |TAMS 0x0000000086d00000| PB 0x0000000086d00000| Untracked 
| 110|0x0000000086e00000, 0x0000000086e00000, 0x0000000086f00000|  0%| F|  |TAMS 0x0000000086e00000| PB 0x0000000086e00000| Untracked 
| 111|0x0000000086f00000, 0x0000000086f00000, 0x0000000087000000|  0%| F|  |TAMS 0x0000000086f00000| PB 0x0000000086f00000| Untracked 
| 112|0x0000000087000000, 0x0000000087000000, 0x0000000087100000|  0%| F|  |TAMS 0x0000000087000000| PB 0x0000000087000000| Untracked 
| 113|0x0000000087100000, 0x0000000087100000, 0x0000000087200000|  0%| F|  |TAMS 0x0000000087100000| PB 0x0000000087100000| Untracked 
| 114|0x0000000087200000, 0x0000000087200000, 0x0000000087300000|  0%| F|  |TAMS 0x0000000087200000| PB 0x0000000087200000| Untracked 
| 115|0x0000000087300000, 0x0000000087300000, 0x0000000087400000|  0%| F|  |TAMS 0x0000000087300000| PB 0x0000000087300000| Untracked 
| 116|0x0000000087400000, 0x0000000087400000, 0x0000000087500000|  0%| F|  |TAMS 0x0000000087400000| PB 0x0000000087400000| Untracked 
| 117|0x0000000087500000, 0x0000000087500000, 0x0000000087600000|  0%| F|  |TAMS 0x0000000087500000| PB 0x0000000087500000| Untracked 
| 118|0x0000000087600000, 0x0000000087600000, 0x0000000087700000|  0%| F|  |TAMS 0x0000000087600000| PB 0x0000000087600000| Untracked 
| 119|0x0000000087700000, 0x0000000087700000, 0x0000000087800000|  0%| F|  |TAMS 0x0000000087700000| PB 0x0000000087700000| Untracked 
| 120|0x0000000087800000, 0x0000000087800000, 0x0000000087900000|  0%| F|  |TAMS 0x0000000087800000| PB 0x0000000087800000| Untracked 
| 121|0x0000000087900000, 0x0000000087a00000, 0x0000000087a00000|100%| E|  |TAMS 0x0000000087900000| PB 0x0000000087900000| Complete 
| 122|0x0000000087a00000, 0x0000000087b00000, 0x0000000087b00000|100%| E|CS|TAMS 0x0000000087a00000| PB 0x0000000087a00000| Complete 
| 123|0x0000000087b00000, 0x0000000087c00000, 0x0000000087c00000|100%| E|CS|TAMS 0x0000000087b00000| PB 0x0000000087b00000| Complete 
| 124|0x0000000087c00000, 0x0000000087d00000, 0x0000000087d00000|100%| E|CS|TAMS 0x0000000087c00000| PB 0x0000000087c00000| Complete 
| 125|0x0000000087d00000, 0x0000000087e00000, 0x0000000087e00000|100%| E|CS|TAMS 0x0000000087d00000| PB 0x0000000087d00000| Complete 
| 126|0x0000000087e00000, 0x0000000087f00000, 0x0000000087f00000|100%| E|CS|TAMS 0x0000000087e00000| PB 0x0000000087e00000| Complete 
| 127|0x0000000087f00000, 0x0000000088000000, 0x0000000088000000|100%| E|CS|TAMS 0x0000000087f00000| PB 0x0000000087f00000| Complete 

Card table byte_map: [0x000002a4dafb0000,0x000002a4db3b0000] _byte_map_base: 0x000002a4dabb0000

Marking Bits: (CMBitMap*) 0x000002a4c71282a0
 Bits: [0x000002a4db3b0000, 0x000002a4dd3b0000)

Polling page: 0x000002a4c4b50000

Metaspace:

Usage:
  Non-class:     10.04 MB used.
      Class:      1.28 MB used.
       Both:     11.32 MB used.

Virtual space:
  Non-class space:       64.00 MB reserved,      10.31 MB ( 16%) committed,  1 nodes.
      Class space:        1.00 GB reserved,       1.50 MB ( <1%) committed,  1 nodes.
             Both:        1.06 GB reserved,      11.81 MB (  1%) committed. 

Chunk freelists:
   Non-Class:  4.77 MB
       Class:  14.34 MB
        Both:  19.11 MB

MaxMetaspaceSize: unlimited
CompressedClassSpaceSize: 1.00 GB
Initial GC threshold: 21.00 MB
Current GC threshold: 21.00 MB
CDS: on
 - commit_granule_bytes: 65536.
 - commit_granule_words: 8192.
 - virtual_space_node_default_size: 8388608.
 - enlarge_chunks_in_place: 1.
 - use_allocation_guard: 0.


Internal statistics:

num_allocs_failed_limit: 0.
num_arena_births: 648.
num_arena_deaths: 0.
num_vsnodes_births: 2.
num_vsnodes_deaths: 0.
num_space_committed: 189.
num_space_uncommitted: 0.
num_chunks_returned_to_freelist: 0.
num_chunks_taken_from_freelist: 1121.
num_chunk_merges: 0.
num_chunk_splits: 640.
num_chunks_enlarged: 223.
num_inconsistent_stats: 0.

CodeHeap 'non-profiled nmethods': size=119168Kb used=1412Kb max_used=1412Kb free=117755Kb
 bounds [0x000002a4d2ca0000, 0x000002a4d2f10000, 0x000002a4da100000]
CodeHeap 'profiled nmethods': size=119104Kb used=5899Kb max_used=5899Kb free=113205Kb
 bounds [0x000002a4cb100000, 0x000002a4cb6d0000, 0x000002a4d2550000]
CodeHeap 'non-nmethods': size=7488Kb used=1420Kb max_used=3153Kb free=6067Kb
 bounds [0x000002a4d2550000, 0x000002a4d2870000, 0x000002a4d2ca0000]
 total_blobs=3404 nmethods=2892 adapters=416
 compilation: enabled
              stopped_count=0, restarted_count=0
 full_count=0

Compilation events (20 events):
Event: 2868.435 Thread 0x000002a4e07ed410 2883   !   3       jdk.internal.ref.PhantomCleanable::isListEmpty (34 bytes)
Event: 2868.436 Thread 0x000002a4e07ed410 nmethod 2883 0x000002a4cb6bf990 code [0x000002a4cb6bfb40, 0x000002a4cb6bfd98]
Event: 2868.436 Thread 0x000002a4e07ed410 2884       3       jdk.internal.misc.InnocuousThread::eraseThreadLocals (23 bytes)
Event: 2868.436 Thread 0x000002a4e07ed410 nmethod 2884 0x000002a4cb6bfe90 code [0x000002a4cb6c0040, 0x000002a4cb6c0228]
Event: 3000.412 Thread 0x000002a4e07ed410 2885       3       sun.rmi.transport.tcp.TCPEndpoint::equals (193 bytes)
Event: 3000.412 Thread 0x000002a4e07ed410 nmethod 2885 0x000002a4cb6c0290 code [0x000002a4cb6c0500, 0x000002a4cb6c1130]
Event: 3016.032 Thread 0x000002a4e07e9220 2886       4       java.io.ObjectOutputStream$HandleTable::<init> (45 bytes)
Event: 3016.039 Thread 0x000002a4e07e9220 nmethod 2886 0x000002a4d2df4b10 code [0x000002a4d2df4ce0, 0x000002a4d2df5678]
Event: 3025.036 Thread 0x000002a4e07e9220 2887       4       java.lang.ThreadLocal$ThreadLocalMap::set (133 bytes)
Event: 3025.042 Thread 0x000002a4e07e9220 nmethod 2887 0x000002a4d2df5910 code [0x000002a4d2df5ae0, 0x000002a4d2df60f8]
Event: 3043.037 Thread 0x000002a4e07e9220 2888   !   4       sun.rmi.transport.StreamRemoteCall::releaseInputStream (62 bytes)
Event: 3043.049 Thread 0x000002a4e07e9220 nmethod 2888 0x000002a4d2df6310 code [0x000002a4d2df6500, 0x000002a4d2df6cb0]
Event: 3232.119 Thread 0x000002a4e07e9220 2889       4       java.io.BufferedInputStream::fill (204 bytes)
Event: 3232.183 Thread 0x000002a4e07e9220 nmethod 2889 0x000002a4d2df7210 code [0x000002a4d2df7880, 0x000002a4d2dfc978]
Event: 3300.419 Thread 0x000002a4e07ed410 2890       3       sun.rmi.transport.tcp.TCPConnection::getInputStream (30 bytes)
Event: 3300.419 Thread 0x000002a4e07ed410 nmethod 2890 0x000002a4cb6c1390 code [0x000002a4cb6c1560, 0x000002a4cb6c1868]
Event: 3448.234 Thread 0x000002a4e07ed410 2891       3       java.lang.invoke.LambdaForm$MH/0x000002a4811a9800::invoke (60 bytes)
Event: 3448.238 Thread 0x000002a4e07ed410 nmethod 2891 0x000002a4cb6c1990 code [0x000002a4cb6c1c20, 0x000002a4cb6c2858]
Event: 3520.279 Thread 0x000002a4e07e9220 2892       4       java.io.ObjectInputStream::readShort (8 bytes)
Event: 3520.288 Thread 0x000002a4e07e9220 nmethod 2892 0x000002a4d2e00510 code [0x000002a4d2e00700, 0x000002a4d2e00bb0]

GC Heap History (5 events):
Event: 0.366 GC heap before
{Heap before GC invocations=0 (full 0):
 garbage-first heap   total 131072K, used 27648K [0x0000000080000000, 0x0000000100000000)
  region size 1024K, 23 young (23552K), 0 survivors (0K)
 Metaspace       used 8244K, committed 8640K, reserved 1114112K
  class space    used 1023K, committed 1216K, reserved 1048576K
}
Event: 0.370 GC heap after
{Heap after GC invocations=1 (full 0):
 garbage-first heap   total 131072K, used 8882K [0x0000000080000000, 0x0000000100000000)
  region size 1024K, 3 young (3072K), 3 survivors (3072K)
 Metaspace       used 8244K, committed 8640K, reserved 1114112K
  class space    used 1023K, committed 1216K, reserved 1048576K
}
Event: 108.044 GC heap before
{Heap before GC invocations=1 (full 0):
 garbage-first heap   total 131072K, used 38578K [0x0000000080000000, 0x0000000100000000)
  region size 1024K, 32 young (32768K), 3 survivors (3072K)
 Metaspace       used 11498K, committed 11968K, reserved 1114112K
  class space    used 1315K, committed 1536K, reserved 1048576K
}
Event: 108.047 GC heap after
{Heap after GC invocations=2 (full 0):
 garbage-first heap   total 131072K, used 11002K [0x0000000080000000, 0x0000000100000000)
  region size 1024K, 2 young (2048K), 2 survivors (2048K)
 Metaspace       used 11498K, committed 11968K, reserved 1114112K
  class space    used 1315K, committed 1536K, reserved 1048576K
}
Event: 3600.019 GC heap before
{Heap before GC invocations=2 (full 0):
 garbage-first heap   total 131072K, used 17146K [0x0000000080000000, 0x0000000100000000)
  region size 1024K, 9 young (9216K), 2 survivors (2048K)
 Metaspace       used 11596K, committed 12096K, reserved 1114112K
  class space    used 1315K, committed 1536K, reserved 1048576K
}

Dll operation events (3 events):
Event: 0.005 Loaded shared library C:\Program Files\JetBrains\PhpStorm 2023.2\jbr\bin\java.dll
Event: 0.021 Loaded shared library C:\Program Files\JetBrains\PhpStorm 2023.2\jbr\bin\zip.dll
Event: 0.163 Loaded shared library C:\Program Files\JetBrains\PhpStorm 2023.2\jbr\bin\verify.dll

Deoptimization events (20 events):
Event: 6.353 Thread 0x000002a4e55763b0 DEOPT PACKING pc=0x000002a4d2d83810 sp=0x000000b6fdcfe6e0
Event: 6.353 Thread 0x000002a4e55763b0 DEOPT UNPACKING pc=0x000002a4d25a46a2 sp=0x000000b6fdcfe678 mode 2
Event: 83.410 Thread 0x000002a4e55763b0 DEOPT PACKING pc=0x000002a4cb5a8494 sp=0x000000b6fdcff090
Event: 83.410 Thread 0x000002a4e55763b0 DEOPT UNPACKING pc=0x000002a4d25a4e42 sp=0x000000b6fdcfe680 mode 0
Event: 300.333 Thread 0x000002a4e5577df0 Uncommon trap: trap_request=0xffffff45 fr.pc=0x000002a4d2d82fdc relative=0x000000000000037c
Event: 300.333 Thread 0x000002a4e5577df0 Uncommon trap: reason=unstable_if action=reinterpret pc=0x000002a4d2d82fdc method=java.lang.ThreadLocal.get(Ljava/lang/Thread;)Ljava/lang/Object; @ 7 c2
Event: 300.333 Thread 0x000002a4e5577df0 DEOPT PACKING pc=0x000002a4d2d82fdc sp=0x000000b6fdefe960
Event: 300.333 Thread 0x000002a4e5577df0 DEOPT UNPACKING pc=0x000002a4d25a46a2 sp=0x000000b6fdefe790 mode 2
Event: 300.333 Thread 0x000002a4e5577df0 Uncommon trap: trap_request=0xffffff45 fr.pc=0x000002a4d2d6f554 relative=0x0000000000000134
Event: 300.333 Thread 0x000002a4e5577df0 Uncommon trap: reason=unstable_if action=reinterpret pc=0x000002a4d2d6f554 method=java.lang.ThreadLocal$ThreadLocalMap.getEntry(Ljava/lang/ThreadLocal;)Ljava/lang/ThreadLocal$ThreadLocalMap$Entry; @ 21 c2
Event: 300.333 Thread 0x000002a4e5577df0 DEOPT PACKING pc=0x000002a4d2d6f554 sp=0x000000b6fdefe630
Event: 300.333 Thread 0x000002a4e5577df0 DEOPT UNPACKING pc=0x000002a4d25a46a2 sp=0x000000b6fdefe540 mode 2
Event: 300.333 Thread 0x000002a4e5577df0 Uncommon trap: trap_request=0xffffff45 fr.pc=0x000002a4d2d81d5c relative=0x000000000000019c
Event: 300.333 Thread 0x000002a4e5577df0 Uncommon trap: reason=unstable_if action=reinterpret pc=0x000002a4d2d81d5c method=sun.nio.ch.Util$BufferCache.get(I)Ljava/nio/ByteBuffer; @ 25 c2
Event: 300.333 Thread 0x000002a4e5577df0 DEOPT PACKING pc=0x000002a4d2d81d5c sp=0x000000b6fdefe8f0
Event: 300.333 Thread 0x000002a4e5577df0 DEOPT UNPACKING pc=0x000002a4d25a46a2 sp=0x000000b6fdefe8b0 mode 2
Event: 300.333 Thread 0x000002a4e5577df0 Uncommon trap: trap_request=0xffffff45 fr.pc=0x000002a4d2dcf450 relative=0x00000000000008d0
Event: 300.333 Thread 0x000002a4e5577df0 Uncommon trap: reason=unstable_if action=reinterpret pc=0x000002a4d2dcf450 method=sun.nio.ch.Util$BufferCache.get(I)Ljava/nio/ByteBuffer; @ 47 c2
Event: 300.333 Thread 0x000002a4e5577df0 DEOPT PACKING pc=0x000002a4d2dcf450 sp=0x000000b6fdefe7f0
Event: 300.333 Thread 0x000002a4e5577df0 DEOPT UNPACKING pc=0x000002a4d25a46a2 sp=0x000000b6fdefe6b8 mode 2

Classes loaded (20 events):
Event: 0.759 Loading class java/util/Vector$1
Event: 0.759 Loading class java/util/Vector$1 done
Event: 6.353 Loading class java/util/DualPivotQuicksort
Event: 6.354 Loading class java/util/DualPivotQuicksort done
Event: 15.325 Loading class java/util/ArrayList$ListItr
Event: 15.325 Loading class java/util/ArrayList$ListItr done
Event: 83.407 Loading class java/util/concurrent/atomic/AtomicReferenceFieldUpdater
Event: 83.407 Loading class java/util/concurrent/atomic/AtomicReferenceFieldUpdater done
Event: 83.407 Loading class java/util/concurrent/atomic/AtomicReferenceFieldUpdater$AtomicReferenceFieldUpdaterImpl
Event: 83.408 Loading class java/util/concurrent/atomic/AtomicReferenceFieldUpdater$AtomicReferenceFieldUpdaterImpl done
Event: 83.408 Loading class java/util/concurrent/atomic/AtomicReferenceFieldUpdater$AtomicReferenceFieldUpdaterImpl$1
Event: 83.408 Loading class java/util/concurrent/atomic/AtomicReferenceFieldUpdater$AtomicReferenceFieldUpdaterImpl$1 done
Event: 83.408 Loading class java/lang/StackTraceElement$HashedModules
Event: 83.408 Loading class java/lang/StackTraceElement$HashedModules done
Event: 83.408 Loading class java/lang/invoke/WrongMethodTypeException
Event: 83.408 Loading class java/lang/invoke/WrongMethodTypeException done
Event: 83.408 Loading class java/lang/reflect/InvocationTargetException
Event: 83.408 Loading class java/lang/reflect/InvocationTargetException done
Event: 83.409 Loading class java/lang/Throwable$PrintStreamOrWriter
Event: 83.409 Loading class java/lang/Throwable$PrintStreamOrWriter done

Classes unloaded (0 events):
No events

Classes redefined (0 events):
No events

Internal exceptions (20 events):
Event: 0.552 Thread 0x000002a4e55763b0 Exception <a 'java/lang/NoSuchMethodError'{0x00000000879faa68}: 'java.lang.Object java.lang.invoke.DirectMethodHandle$Holder.invokeInterface(java.lang.Object, java.lang.Object, java.lang.Object, java.lang.Object)'> (0x00000000879faa68) 
thrown [s\src\hotspot\share\interpreter\linkResolver.cpp, line 784]
Event: 0.577 Thread 0x000002a4e55763b0 Exception <a 'java/lang/NoSuchMethodError'{0x00000000877294f8}: 'void java.lang.invoke.DirectMethodHandle$Holder.invokeInterface(java.lang.Object, java.lang.Object, int)'> (0x00000000877294f8) 
thrown [s\src\hotspot\share\interpreter\linkResolver.cpp, line 784]
Event: 0.577 Thread 0x000002a4e55763b0 Exception <a 'java/lang/NoSuchMethodError'{0x000000008772d128}: 'void java.lang.invoke.DelegatingMethodHandle$Holder.reinvoke_L(java.lang.Object, java.lang.Object, int)'> (0x000000008772d128) 
thrown [s\src\hotspot\share\interpreter\linkResolver.cpp, line 784]
Event: 0.603 Thread 0x000002a4e55763b0 Exception <a 'java/lang/NoSuchMethodError'{0x00000000876702c0}: static Lcom/intellij/database/remote/jdba/core/ResultLayout;.<clinit>()V> (0x00000000876702c0) 
thrown [s\src\hotspot\share\prims\jni.cpp, line 1139]
Event: 0.603 Thread 0x000002a4e55763b0 Exception <a 'java/lang/NoSuchMethodError'{0x00000000876805f0}: static Lcom/intellij/database/remote/jdba/core/RowLayout;.<clinit>()V> (0x00000000876805f0) 
thrown [s\src\hotspot\share\prims\jni.cpp, line 1139]
Event: 0.604 Thread 0x000002a4e55763b0 Exception <a 'java/lang/NoSuchMethodError'{0x000000008768c3b8}: static Lcom/intellij/database/remote/jdba/util/NameAndClass;.<clinit>()V> (0x000000008768c3b8) 
thrown [s\src\hotspot\share\prims\jni.cpp, line 1139]
Event: 0.605 Thread 0x000002a4e55763b0 Exception <a 'java/lang/NoSuchMethodError'{0x00000000876a0898}: 'java.lang.Object java.lang.invoke.DirectMethodHandle$Holder.invokeInterface(java.lang.Object, java.lang.Object, int, java.lang.Object)'> (0x00000000876a0898) 
thrown [s\src\hotspot\share\interpreter\linkResolver.cpp, line 784]
Event: 0.605 Thread 0x000002a4e55763b0 Exception <a 'java/lang/NoSuchMethodError'{0x00000000876a4a38}: 'java.lang.Object java.lang.invoke.DirectMethodHandle$Holder.invokeSpecial(java.lang.Object, java.lang.Object, java.lang.Object, int, java.lang.Object)'> (0x00000000876a4a38) 
thrown [s\src\hotspot\share\interpreter\linkResolver.cpp, line 784]
Event: 0.616 Thread 0x000002a4e55763b0 Exception <a 'java/lang/NoSuchMethodError'{0x0000000087519958}: 'java.lang.Object java.lang.invoke.DirectMethodHandle$Holder.newInvokeSpecial(java.lang.Object, java.lang.Object, int)'> (0x0000000087519958) 
thrown [s\src\hotspot\share\interpreter\linkResolver.cpp, line 784]
Event: 0.622 Thread 0x000002a4e55763b0 Exception <a 'java/lang/NoSuchMethodError'{0x00000000875726c0}: static [Ljava/lang/Object;.<clinit>()V> (0x00000000875726c0) 
thrown [s\src\hotspot\share\prims\jni.cpp, line 1139]
Event: 0.917 Thread 0x000002a4e55763b0 Exception <a 'java/lang/NoSuchMethodError'{0x00000000870df0a8}: 'java.lang.Object java.lang.invoke.DirectMethodHandle$Holder.newInvokeSpecial(java.lang.Object, java.lang.Object, long)'> (0x00000000870df0a8) 
thrown [s\src\hotspot\share\interpreter\linkResolver.cpp, line 784]
Event: 6.342 Thread 0x000002a4e55763b0 Exception <a 'java/lang/NoSuchMethodError'{0x00000000863de130}: 'java.lang.Object java.lang.invoke.DirectMethodHandle$Holder.invokeInterface(java.lang.Object, java.lang.Object, int)'> (0x00000000863de130) 
thrown [s\src\hotspot\share\interpreter\linkResolver.cpp, line 784]
Event: 6.351 Thread 0x000002a4e55763b0 Exception <a 'java/lang/NoSuchMethodError'{0x0000000086248718}: 'int java.lang.invoke.DirectMethodHandle$Holder.invokeInterface(java.lang.Object, java.lang.Object, int, int)'> (0x0000000086248718) 
thrown [s\src\hotspot\share\interpreter\linkResolver.cpp, line 784]
Event: 6.352 Thread 0x000002a4e55763b0 Exception <a 'java/lang/NoSuchMethodError'{0x000000008624f6c8}: 'int java.lang.invoke.DelegatingMethodHandle$Holder.reinvoke_L(java.lang.Object, java.lang.Object, int, int)'> (0x000000008624f6c8) 
thrown [s\src\hotspot\share\interpreter\linkResolver.cpp, line 784]
Event: 6.353 Thread 0x000002a4e55763b0 Exception <a 'java/lang/NoSuchMethodError'{0x0000000086266200}: static Lcom/intellij/database/remote/jdbc/RemoteResultSet$DataRetrievingOptions;.<clinit>()V> (0x0000000086266200) 
thrown [s\src\hotspot\share\prims\jni.cpp, line 1139]
Event: 83.403 Thread 0x000002a4e55763b0 Exception <a 'java/lang/NoSuchMethodError'{0x0000000086183558}: static Lcom/intellij/database/remote/jdbc/ColumnInfo;.<clinit>()V> (0x0000000086183558) 
thrown [s\src\hotspot\share\prims\jni.cpp, line 1139]
Event: 83.404 Thread 0x000002a4e55763b0 Exception <a 'java/lang/NoSuchMethodError'{0x000000008618cad0}: 'java.lang.Object java.lang.invoke.DelegatingMethodHandle$Holder.reinvoke_L(java.lang.Object, java.lang.Object, java.lang.Object, java.lang.Object, int, int)'> (0x000000008618cad0) 
thrown [s\src\hotspot\share\interpreter\linkResolver.cpp, line 784]
Event: 83.410 Thread 0x000002a4e55763b0 Exception <a 'java/lang/NoSuchMethodError'{0x00000000861eaaf0}: static [Ljava/lang/StackTraceElement;.<clinit>()V> (0x00000000861eaaf0) 
thrown [s\src\hotspot\share\prims\jni.cpp, line 1139]
Event: 300.333 Thread 0x000002a4e5577df0 Implicit null exception at 0x000002a4d2d82ca2 to 0x000002a4d2d82fc0
Event: 300.333 Thread 0x000002a4e5577df0 Implicit null exception at 0x000002a4d2d6f475 to 0x000002a4d2d6f534

ZGC Phase Switch (0 events):
No events

VM Operations (20 events):
Event: 302.079 Executing VM operation: Cleanup done
Event: 351.511 Executing VM operation: Cleanup
Event: 351.511 Executing VM operation: Cleanup done
Event: 395.877 Executing VM operation: Cleanup
Event: 395.877 Executing VM operation: Cleanup done
Event: 399.913 Executing VM operation: Cleanup
Event: 399.913 Executing VM operation: Cleanup done
Event: 464.465 Executing VM operation: Cleanup
Event: 464.465 Executing VM operation: Cleanup done
Event: 900.966 Executing VM operation: Cleanup
Event: 900.966 Executing VM operation: Cleanup done
Event: 1152.987 Executing VM operation: Cleanup
Event: 1152.987 Executing VM operation: Cleanup done
Event: 1233.695 Executing VM operation: Cleanup
Event: 1233.695 Executing VM operation: Cleanup done
Event: 2242.011 Executing VM operation: Cleanup
Event: 2242.012 Executing VM operation: Cleanup done
Event: 2389.133 Executing VM operation: Cleanup
Event: 2389.133 Executing VM operation: Cleanup done
Event: 3600.019 Executing VM operation: G1CollectFull (System.gc())

Memory protections (0 events):
No events

Nmethod flushes (0 events):
No events

Events (20 events):
Event: 32.827 Thread 0x000002a4e55763b0 Thread added: 0x000002a4e5577760
Event: 32.828 Thread 0x000002a4e55763b0 Thread added: 0x000002a4e55770d0
Event: 32.828 Thread 0x000002a4e55763b0 Thread added: 0x000002a4e5575d20
Event: 32.828 Thread 0x000002a4e5577760 Thread exited: 0x000002a4e5577760
Event: 32.828 Thread 0x000002a4e55770d0 Thread exited: 0x000002a4e55770d0
Event: 32.828 Thread 0x000002a4e5575d20 Thread exited: 0x000002a4e5575d20
Event: 90.323 Thread 0x000002a4e5578b10 Thread exited: 0x000002a4e5578b10
Event: 90.323 Thread 0x000002a4df7caab0 Thread exited: 0x000002a4df7caab0
Event: 108.043 Thread 0x000002a4e55763b0 Thread added: 0x000002a4e55770d0
Event: 108.043 Thread 0x000002a4e55763b0 Thread added: 0x000002a4e5576a40
Event: 108.043 Thread 0x000002a4e55763b0 Thread added: 0x000002a4e5575690
Event: 108.043 Thread 0x000002a4e55763b0 Thread added: 0x000002a4e5575d20
Event: 108.043 Thread 0x000002a4e55763b0 Thread added: 0x000002a4e5578480
Event: 108.043 Thread 0x000002a4e55763b0 Thread added: 0x000002a4e55791a0
Event: 108.047 Thread 0x000002a4e5575d20 Thread exited: 0x000002a4e5575d20
Event: 108.047 Thread 0x000002a4e5575690 Thread exited: 0x000002a4e5575690
Event: 108.047 Thread 0x000002a4e5578480 Thread exited: 0x000002a4e5578480
Event: 108.047 Thread 0x000002a4e55770d0 Thread exited: 0x000002a4e55770d0
Event: 108.047 Thread 0x000002a4e5576a40 Thread exited: 0x000002a4e5576a40
Event: 108.047 Thread 0x000002a4e55791a0 Thread exited: 0x000002a4e55791a0


Dynamic libraries:
0x00007ff71fbd0000 - 0x00007ff71fbda000 	C:\Program Files\JetBrains\PhpStorm 2023.2\jbr\bin\java.exe
0x00007ffb38700000 - 0x00007ffb38966000 	C:\WINDOWS\SYSTEM32\ntdll.dll
0x00007ffb365e0000 - 0x00007ffb366a9000 	C:\WINDOWS\System32\KERNEL32.DLL
0x00007ffb35890000 - 0x00007ffb35c5c000 	C:\WINDOWS\System32\KERNELBASE.dll
0x00007ffb35fb0000 - 0x00007ffb360fb000 	C:\WINDOWS\System32\ucrtbase.dll
0x00007ffb20780000 - 0x00007ffb20798000 	C:\Program Files\JetBrains\PhpStorm 2023.2\jbr\bin\jli.dll
0x00007ffb374a0000 - 0x00007ffb3766a000 	C:\WINDOWS\System32\USER32.dll
0x00007ffb217e0000 - 0x00007ffb217fb000 	C:\Program Files\JetBrains\PhpStorm 2023.2\jbr\bin\VCRUNTIME140.dll
0x00007ffb36330000 - 0x00007ffb36357000 	C:\WINDOWS\System32\win32u.dll
0x00007ffb36740000 - 0x00007ffb3676b000 	C:\WINDOWS\System32\GDI32.dll
0x00007ffb1d460000 - 0x00007ffb1d6fa000 	C:\WINDOWS\WinSxS\amd64_microsoft.windows.common-controls_6595b64144ccf1df_6.0.26100.3912_none_3e07963ce335137e\COMCTL32.dll
0x00007ffb35e70000 - 0x00007ffb35fa2000 	C:\WINDOWS\System32\gdi32full.dll
0x00007ffb36100000 - 0x00007ffb361a3000 	C:\WINDOWS\System32\msvcp_win.dll
0x00007ffb38370000 - 0x00007ffb38419000 	C:\WINDOWS\System32\msvcrt.dll
0x00007ffb365a0000 - 0x00007ffb365d0000 	C:\WINDOWS\System32\IMM32.DLL
0x00007ffb255f0000 - 0x00007ffb255fc000 	C:\Program Files\JetBrains\PhpStorm 2023.2\jbr\bin\vcruntime140_1.dll
0x00007ffabf490000 - 0x00007ffabf51d000 	C:\Program Files\JetBrains\PhpStorm 2023.2\jbr\bin\msvcp140.dll
0x00007ffa97d50000 - 0x00007ffa98b11000 	C:\Program Files\JetBrains\PhpStorm 2023.2\jbr\bin\server\jvm.dll
0x00007ffb36f50000 - 0x00007ffb37002000 	C:\WINDOWS\System32\ADVAPI32.dll
0x00007ffb36db0000 - 0x00007ffb36e56000 	C:\WINDOWS\System32\sechost.dll
0x00007ffb36c90000 - 0x00007ffb36da6000 	C:\WINDOWS\System32\RPCRT4.dll
0x00007ffb364c0000 - 0x00007ffb36534000 	C:\WINDOWS\System32\WS2_32.dll
0x00007ffb35160000 - 0x00007ffb351be000 	C:\WINDOWS\SYSTEM32\POWRPROF.dll
0x00007ffb27620000 - 0x00007ffb2762b000 	C:\WINDOWS\SYSTEM32\VERSION.dll
0x00007ffb2a160000 - 0x00007ffb2a196000 	C:\WINDOWS\SYSTEM32\WINMM.dll
0x00007ffb35140000 - 0x00007ffb35154000 	C:\WINDOWS\SYSTEM32\UMPDC.dll
0x00007ffb34610000 - 0x00007ffb3462a000 	C:\WINDOWS\SYSTEM32\kernel.appcore.dll
0x00007ffb219f0000 - 0x00007ffb219fa000 	C:\Program Files\JetBrains\PhpStorm 2023.2\jbr\bin\jimage.dll
0x00007ffb28c20000 - 0x00007ffb28e61000 	C:\WINDOWS\SYSTEM32\DBGHELP.DLL
0x00007ffb37dc0000 - 0x00007ffb38144000 	C:\WINDOWS\System32\combase.dll
0x00007ffb36e60000 - 0x00007ffb36f40000 	C:\WINDOWS\System32\OLEAUT32.dll
0x00007ffb16690000 - 0x00007ffb166c9000 	C:\WINDOWS\SYSTEM32\dbgcore.DLL
0x00007ffb36420000 - 0x00007ffb364b9000 	C:\WINDOWS\System32\bcryptPrimitives.dll
0x00007ffb0cb30000 - 0x00007ffb0cb50000 	C:\Program Files\JetBrains\PhpStorm 2023.2\jbr\bin\java.dll
0x00007ffb37690000 - 0x00007ffb37dbd000 	C:\WINDOWS\System32\SHELL32.dll
0x00007ffb361b0000 - 0x00007ffb36324000 	C:\WINDOWS\System32\wintypes.dll
0x00007ffb334e0000 - 0x00007ffb33d36000 	C:\WINDOWS\SYSTEM32\windows.storage.dll
0x00007ffb36880000 - 0x00007ffb3696f000 	C:\WINDOWS\System32\SHCORE.dll
0x00007ffb366b0000 - 0x00007ffb36719000 	C:\WINDOWS\System32\shlwapi.dll
0x00007ffb357a0000 - 0x00007ffb357cf000 	C:\WINDOWS\SYSTEM32\profapi.dll
0x00007ffb0cb10000 - 0x00007ffb0cb28000 	C:\Program Files\JetBrains\PhpStorm 2023.2\jbr\bin\zip.dll
0x00007ffb217c0000 - 0x00007ffb217d0000 	C:\Program Files\JetBrains\PhpStorm 2023.2\jbr\bin\net.dll
0x00007ffb2f9f0000 - 0x00007ffb2fb0e000 	C:\WINDOWS\SYSTEM32\WINHTTP.dll
0x00007ffb34b60000 - 0x00007ffb34bca000 	C:\WINDOWS\system32\mswsock.dll
0x00007ffb04df0000 - 0x00007ffb04e06000 	C:\Program Files\JetBrains\PhpStorm 2023.2\jbr\bin\nio.dll
0x00007ffb17290000 - 0x00007ffb172a0000 	C:\Program Files\JetBrains\PhpStorm 2023.2\jbr\bin\verify.dll
0x00007ffb34030000 - 0x00007ffb34063000 	C:\WINDOWS\SYSTEM32\IPHLPAPI.DLL
0x00007ffb38330000 - 0x00007ffb3833a000 	C:\WINDOWS\System32\NSI.dll
0x00007ffb34f20000 - 0x00007ffb34f3c000 	C:\WINDOWS\SYSTEM32\CRYPTSP.dll
0x00007ffb34570000 - 0x00007ffb345aa000 	C:\WINDOWS\system32\rsaenh.dll
0x00007ffb34c00000 - 0x00007ffb34c2b000 	C:\WINDOWS\SYSTEM32\USERENV.dll
0x00007ffb35770000 - 0x00007ffb35796000 	C:\WINDOWS\SYSTEM32\bcrypt.dll
0x00007ffb34d90000 - 0x00007ffb34d9c000 	C:\WINDOWS\SYSTEM32\CRYPTBASE.dll
0x00007ffb11840000 - 0x00007ffb11849000 	C:\Program Files\JetBrains\PhpStorm 2023.2\jbr\bin\extnet.dll
0x00007ffb32770000 - 0x00007ffb32777000 	C:\Program Files\JetBrains\PhpStorm 2023.2\jbr\bin\rmi.dll
0x00007ffa9fed0000 - 0x00007ffa9ffc4000 	C:\Users\pc\AppData\Local\JetBrains\PhpStorm2025.1\jdbc-native-deps\Xerial SQLiteJDBC\3.45.1\sqlite-jdbc-3.45.1.0\libs\sqlite-3.45.1.0-43d4ea45-0db9-4b54-b118-97dfd9b0bc50-sqlitejdbc.dll

dbghelp: loaded successfully - version: 4.0.5 - missing functions: none
symbol engine: initialized successfully - sym options: 0x614 - pdb path: .;C:\Program Files\JetBrains\PhpStorm 2023.2\jbr\bin;C:\WINDOWS\SYSTEM32;C:\WINDOWS\WinSxS\amd64_microsoft.windows.common-controls_6595b64144ccf1df_6.0.26100.3912_none_3e07963ce335137e;C:\Program Files\JetBrains\PhpStorm 2023.2\jbr\bin\server;C:\Users\pc\AppData\Local\JetBrains\PhpStorm2025.1\jdbc-native-deps\Xerial SQLiteJDBC\3.45.1\sqlite-jdbc-3.45.1.0\libs

VM Arguments:
jvm_args: -Dorg.sqlite.tmpdir=C:\Users\pc\AppData\Local\JetBrains\PhpStorm2025.1\jdbc-native-deps\Xerial SQLiteJDBC\3.45.1\sqlite-jdbc-3.45.1.0\libs -Djava.rmi.server.hostname=127.0.0.1 -Duser.timezone=UTC -Xmx2048m -Xms128m -Djdbc.classpath=C:\Users\pc\AppData\Local\Temp\RemoteDriver1.classpath.txt --add-exports=java.desktop/sun.awt=ALL-UNNAMED --add-exports=java.desktop/java.awt.peer=ALL-UNNAMED --add-opens=java.desktop/java.awt=ALL-UNNAMED --add-opens=jdk.unsupported/sun.misc=ALL-UNNAMED --add-opens=java.base/java.nio=ALL-UNNAMED --add-opens=java.base/java.util=ALL-UNNAMED -Dfile.encoding=UTF-8 -Dsun.stdout.encoding=UTF-8 -Dsun.stderr.encoding=UTF-8 
java_command: com.intellij.database.remote.RemoteJdbcServer org.sqlite.JDBC
java_class_path (initial): C:\Program Files\JetBrains\PhpStorm 2023.2\lib\util_rt.jar;C:\Program Files\JetBrains\PhpStorm 2023.2\lib\util-8.jar;C:\Program Files\JetBrains\PhpStorm 2023.2\lib\groovy.jar;C:\Program Files\JetBrains\PhpStorm 2023.2\plugins\DatabaseTools\lib\jdbc-console.jar;C:\Program Files\JetBrains\PhpStorm 2023.2\lib\modules\intellij.grid.types.jar;C:\Program Files\JetBrains\PhpStorm 2023.2\lib\util.jar;C:\Program Files\JetBrains\PhpStorm 2023.2\lib\bouncy-castle.jar
Launcher Type: SUN_STANDARD

[Global flags]
     intx CICompilerCount                          = 12                                        {product} {ergonomic}
     uint ConcGCThreads                            = 4                                         {product} {ergonomic}
     uint G1ConcRefinementThreads                  = 15                                        {product} {ergonomic}
   size_t G1HeapRegionSize                         = 1048576                                   {product} {ergonomic}
    uintx GCDrainStackTargetSize                   = 64                                        {product} {ergonomic}
   size_t InitialHeapSize                          = 134217728                                 {product} {command line}
   size_t MarkStackSize                            = 4194304                                   {product} {ergonomic}
   size_t MaxHeapSize                              = 2147483648                                {product} {command line}
   size_t MaxNewSize                               = 1287651328                                {product} {ergonomic}
   size_t MinHeapDeltaBytes                        = 1048576                                   {product} {ergonomic}
   size_t MinHeapSize                              = 134217728                                 {product} {command line}
    uintx NonNMethodCodeHeapSize                   = 7602480                                {pd product} {ergonomic}
    uintx NonProfiledCodeHeapSize                  = 122027880                              {pd product} {ergonomic}
    uintx ProfiledCodeHeapSize                     = 122027880                              {pd product} {ergonomic}
    uintx ReservedCodeCacheSize                    = 251658240                              {pd product} {ergonomic}
     bool SegmentedCodeCache                       = true                                      {product} {ergonomic}
   size_t SoftMaxHeapSize                          = 2147483648                             {manageable} {ergonomic}
     bool UseCompressedOops                        = true                           {product lp64_product} {ergonomic}
     bool UseG1GC                                  = true                                      {product} {ergonomic}
     bool UseLargePagesIndividualAllocation        = false                                  {pd product} {ergonomic}

Logging:
Log output configuration:
 #0: stdout all=warning uptime,level,tags foldmultilines=false
 #1: stderr all=off uptime,level,tags foldmultilines=false

Environment Variables:
PATH=C:\WINDOWS\system32;C:\WINDOWS;C:\WINDOWS\System32\Wbem;C:\WINDOWS\System32\WindowsPowerShell\v1.0\;C:\WINDOWS\System32\OpenSSH\;C:\Program Files\dotnet\;C:\Program Files\Php;C:\ProgramData\ComposerSetup\bin;C:\Users\pc\AppData\Roaming\nvm;C:\Program Files\nodejs;C:\Program Files\nvim\bin;C:\MinGW\bin;C:\Program Files\LLVM\bin;C:\Program Files\Cloudflare\Cloudflare WARP\;C:\Program Files\Git\cmd;C:\Program Files\Docker\Docker\resources\bin;C:\Program Files\PowerShell\7\;C:\Users\pc\.pyenv\pyenv-win\bin;C:\Users\pc\.pyenv\pyenv-win\shims;C:\Users\pc\AppData\Local\Microsoft\WindowsApps;C:\Program Files\JetBrains\PhpStorm 2023.2\bin;;C:\Program Files\JetBrains\WebStorm 2023.2\bin;C:\Program Files\Php\php.exe;C:\Program Files\JetBrains\PyCharm 2023.2\bin;C:\Users\pc\AppData\Roaming\Composer\vendor\bin;C:\Users\pc\AppData\Roaming\nvm;C:\Program Files\nodejs;C:\Users\pc\AppData\Local\Programs\Microsoft VS Code\bin;C:\Program Files\Neovim\bin;C:\Program Files\JetBrains\WebStorm 2024.3.1\bin;;C:\Users\pc\AppData\Local\Microsoft\WindowsApps
USERNAME=pc
OS=Windows_NT
PROCESSOR_IDENTIFIER=Intel64 Family 6 Model 151 Stepping 2, GenuineIntel
TMP=C:\Users\pc\AppData\Local\Temp
TEMP=C:\Users\pc\AppData\Local\Temp




Periodic native trim disabled

JNI global refs:
JNI global refs: 27, weak refs: 10

JNI global refs memory usage: 835, weak refs: 833

Process memory usage:
Resident Set Size: 26220K (0% of 33289648K total physical memory with 404204K free physical memory)

OOME stack traces (most recent first):
Classloader memory used:
Loader bootstrap                                                                       : 6826K
Loader jdk.internal.loader.ClassLoaders$AppClassLoader                                 : 3477K
Loader com.intellij.database.remote.jdbc.impl.JdbcClassLoader$JdbcClassLoaderImpl      : 883K
Loader jdk.internal.loader.ClassLoaders$PlatformClassLoader                            : 236K
Loader jdk.internal.reflect.DelegatingClassLoader                                      : 165K
Loader com.intellij.database.remote.jdbc.impl.JdbcClassLoader$1                        : 6920B

---------------  S Y S T E M  ---------------

OS:
 Windows 11 , 64 bit Build 26100 (10.0.26100.3912)
OS uptime: 4 days 15:47 hours
Hyper-V role detected

CPU: total 20 (initial active 20) (10 cores per cpu, 2 threads per core) family 6 model 151 stepping 2 microcode 0x26, cx8, cmov, fxsr, ht, mmx, 3dnowpref, sse, sse2, sse3, ssse3, sse4.1, sse4.2, popcnt, lzcnt, tsc, tscinvbit, avx, avx2, aes, erms, clmul, bmi1, bmi2, adx, sha, fma, vzeroupper, clflush, clflushopt, clwb, hv, serialize, rdtscp, rdpid, fsrm, f16c, cet_ibt, cet_ss
Processor Information for the first 20 processors :
  Max Mhz: 2100, Current Mhz: 2100, Mhz Limit: 2100

Memory: 4k page, system-wide physical 32509M (410M free)
TotalPageFile size 58356M (AvailPageFile size 2M)
current process WorkingSet (physical memory assigned to process): 30M, peak: 132M
current process commit charge ("private bytes"): 247M, peak: 274M

vm_info: OpenJDK 64-Bit Server VM (21.0.6+9-b895.109) for windows-amd64 JRE (21.0.6+9-b895.109), built on 2025-03-26 by "builduser" with MS VC++ 16.10 / 16.11 (VS2019)

END.
